[Licensing::Module] Trying to connect to existing licensing client channel...
Built from '6000.3/staging' branch; Version is '6000.3.11f1 (3000ef702840) revision 3145967'; Using compiler version '194234433'; Build Type 'Release'
[Licensing::IpcConnector] Successfully connected to: "LicenseClient-Usuario" at "2026-04-05T00:43:59.2102558Z"
OS: 'Windows 11  (10.0.26200) Professional' Language: 'es' Physical Memory: 15752 MB
BatchMode: 1, IsHumanControllingUs: 0, StartBugReporterOnCrash: 0, Is64bit: 1
System  architecture: x64
Process architecture: x64
Date: 2026-04-05T00:43:59Z

COMMAND LINE ARGUMENTS:
C:\Program Files\Unity\Hub\Editor\6000.3.11f1\Editor\Unity.exe
-adb2
-batchMode
-noUpm
-name
AssetImportWorker1
-projectPath
C:/Users/Usuario/TerrorGame
-logFile
Logs/AssetImportWorker1.log
-srvPort
61895
-licensingIpc
LicenseClient-Usuario
-job-worker-count
7
-background-job-worker-count
8
-gc-helper-count
1
-name
AssetImport
Successfully changed project path to: C:/Users/Usuario/TerrorGame
C:/Users/Usuario/TerrorGame
[UnityMemory] Configuration Parameters - Can be set up in boot.config
    "memorysetup-temp-allocator-size-nav-mesh-worker=65536"
    "memorysetup-temp-allocator-size-audio-worker=65536"
    "memorysetup-temp-allocator-size-gfx=262144"
    "memorysetup-allocator-temp-initial-block-size-main=262144"
    "memorysetup-allocator-temp-initial-block-size-worker=262144"
    "memorysetup-temp-allocator-size-background-worker=32768"
    "memorysetup-temp-allocator-size-job-worker=262144"
    "memorysetup-temp-allocator-size-preload-manager=33554432"
    "memorysetup-temp-allocator-size-gi-baking-worker=262144"
    "memorysetup-temp-allocator-size-gi-baking-worker=262144"
    "memorysetup-temp-allocator-size-gi-baking-worker=262144"
    "memorysetup-temp-allocator-size-gi-baking-worker=262144"
    "memorysetup-temp-allocator-size-gi-baking-worker=262144"
    "memorysetup-bucket-allocator-granularity=16"
    "memorysetup-bucket-allocator-bucket-count=8"
    "memorysetup-bucket-allocator-block-size=33554432"
    "memorysetup-bucket-allocator-block-count=8"
    "memorysetup-main-allocator-block-size=16777216"
    "memorysetup-thread-allocator-block-size=16777216"
    "memorysetup-gfx-main-allocator-block-size=16777216"
    "memorysetup-gfx-thread-allocator-block-size=16777216"
    "memorysetup-cache-allocator-block-size=4194304"
    "memorysetup-typetree-allocator-block-size=2097152"
    "memorysetup-profiler-bucket-allocator-granularity=16"
    "memorysetup-profiler-bucket-allocator-bucket-count=8"
    "memorysetup-profiler-bucket-allocator-block-size=33554432"
    "memorysetup-profiler-bucket-allocator-block-count=8"
    "memorysetup-profiler-allocator-block-size=16777216"
    "memorysetup-profiler-editor-allocator-block-size=1048576"
    "memorysetup-temp-allocator-size-main=16777216"
    "memorysetup-job-temp-allocator-block-size=2097152"
    "memorysetup-job-temp-allocator-block-size-background=1048576"
    "memorysetup-job-temp-allocator-reduction-small-platforms=262144"
    "memorysetup-temp-allocator-size-cloud-worker=32768"
Player connection [28312]  Target information:

Player connection [28312]  * "[IP] 192.168.0.19 [Port] 0 [Flags] 2 [Guid] 4190346121 [EditorId] 4190346121 [Version] 1048832 [Id] WindowsEditor(7,602SN11631) [Debug] 1 [PackageName] WindowsEditor [ProjectName] Editor" 

Player connection [28312] Host joined multi-casting on [225.0.0.222:54997]...
Player connection [28312] Host joined alternative multi-casting on [225.0.0.222:34997]...
JobSystem: Creating JobQueue using job-worker-count value 7
Input System module state changed to: Initialized.
[Physics::Module] Initialized fallback backend.
[Physics::Module] Id: 0xdecafbad
Library Redirect Path: Library/
[Physics::Module] Selected backend.
[Physics::Module] Name: PhysX
[Physics::Module] Id: 0xf2b8ea05
[Physics::Module] SDK Version: 4.1.2
[Physics::Module] Integration Version: 1.0.0
[Physics::Module] Threading Mode: Multi-Threaded
Refreshing native plugins compatible for Editor in 108.56 ms, found 3 plugins.
Preloading 0 native plugins for Editor in 0.00 ms.
Initialize engine version: 6000.3.11f1 (3000ef702840)
[Subsystems] Discovering subsystems at path C:/Program Files/Unity/Hub/Editor/6000.3.11f1/Editor/Data/Resources/UnitySubsystems
[Subsystems] Discovering subsystems at path C:/Users/Usuario/TerrorGame/Assets
GfxDevice: creating device client; kGfxThreadingModeNonThreaded
Direct3D:
    Version:  Direct3D 11.0 [level 11.1]
    Renderer: AMD Radeon(TM) Graphics (ID=0x164c)
    Vendor:   ATI
    VRAM:     7876 MB
    Driver:   31.0.21921.1000
Initialize mono
Mono path[0] = 'C:/Program Files/Unity/Hub/Editor/6000.3.11f1/Editor/Data/Managed'
Mono path[1] = 'C:/Program Files/Unity/Hub/Editor/6000.3.11f1/Editor/Data/MonoBleedingEdge/lib/mono/unityjit-win32'
Mono config path = 'C:/Program Files/Unity/Hub/Editor/6000.3.11f1/Editor/Data/MonoBleedingEdge/etc'
Using monoOptions --debugger-agent=transport=dt_socket,embedding=1,server=y,suspend=n,address=127.0.0.1:56824
Begin MonoManager ReloadAssembly
Registering precompiled unity dll's ...
Register platform support module: C:/Program Files/Unity/Hub/Editor/6000.3.11f1/Editor/Data/PlaybackEngines/WindowsStandaloneSupport/UnityEditor.WindowsStandalone.Extensions.dll
Registered in 0.003792 seconds.
[Licensing::Client] Error: HandshakeResponse reported an error:
	ResponseCode: 505
	ResponseStatus: Unsupported protocol version '1.18.0'.
[Licensing::Module] Error: Failed to handshake to channel: "LicenseClient-Usuario"
[Licensing::IpcConnector] LicenseClient-Usuario channel disconnected successfully.
[Licensing::IpcConnector] Successfully connected to: "LicenseClient-Usuario-6000.3.11" at "2026-04-05T00:44:02.4153409Z"
[Licensing::Client] Handshaking with LicensingClient:
  Version:                 1.18.0+23225a6
  Session Id:              6ea5bd1b27d44dadaca8524f96d9b9be
  Correlation Id:          839d5248a5c594ba2f916e44c5e5ef95
  External correlation Id: 3818355620239473829
  Machine Id:              54h4dYrsuYdpihKd6oGvI+sRZnU=
[Licensing::Module] Successfully connected to LicensingClient on channel: "LicenseClient-Usuario-6000.3.11" (connect: 0.01s, validation: 0.00s, handshake: 0.19s)
[Licensing::IpcConnector] Successfully connected to: "LicenseClient-Usuario-6000.3.11-notifications" at "2026-04-05T00:44:02.6057711Z"
[Licensing::Module] Licensing Background thread has ended after 3.40s
- Loaded All Assemblies, in  1.829 seconds
Native extension for WindowsStandalone target not found
Package Manager log level set to [2]
[Package Manager] Failed to launch server process. Reason: Unity was launched with the -noUpm command-line argument
[Package Manager] Unable to send message (not connected to server process).
[Package Manager] Cannot connect to Unity Package Manager local server
ScheduleIndexationOnStartup MainProcess:False IndexOnStartup:True
Mono: successfully reloaded assembly
- Finished resetting the current domain, in  0.504 seconds
Domain Reload Profiling: 2331ms
	BeginReloadAssembly (282ms)
		ExecutionOrderSort (0ms)
		DisableScriptedObjects (0ms)
		BackupInstance (0ms)
		ReleaseScriptingObjects (0ms)
		CreateAndSetChildDomain (1ms)
	RebuildCommonClasses (352ms)
	RebuildNativeTypeToScriptingClass (17ms)
	initialDomainReloadingComplete (70ms)
	LoadAllAssembliesAndSetupDomain (1104ms)
		LoadAssemblies (275ms)
		RebuildTransferFunctionScriptingTraits (0ms)
		AnalyzeDomain (1100ms)
			TypeCache.Refresh (1097ms)
				TypeCache.ScanAssembly (869ms)
			BuildScriptInfoCaches (0ms)
			ResolveRequiredComponents (1ms)
	FinalizeReload (504ms)
		ReleaseScriptCaches (0ms)
		RebuildScriptCaches (0ms)
		SetupLoadedEditorAssemblies (448ms)
			LogAssemblyErrors (0ms)
			InitializePlatformSupportModulesInManaged (68ms)
			SetLoadedEditorAssemblies (5ms)
			BeforeProcessingInitializeOnLoad (95ms)
			ProcessInitializeOnLoadAttributes (164ms)
			ProcessInitializeOnLoadMethodAttributes (117ms)
			AfterProcessingInitializeOnLoad (0ms)
			EditorAssembliesLoaded (0ms)
		ExecutionOrderSort2 (0ms)
		AwakeInstancesAfterBackupRestoration (0ms)
========================================================================
Worker process is ready to serve import requests
Import Worker Mode flag is 0x00
Begin MonoManager ReloadAssembly
[Licensing::Client] Successfully resolved entitlement details
[Licensing::Module] License group:
  Id: 4674176816030-UnityPersXXXX
  Product: Unity Personal
  Type: Assigned
  Expiration: Unlimited
- Loaded All Assemblies, in  1.152 seconds
Refreshing native plugins compatible for Editor in 1.90 ms, found 3 plugins.
Native extension for WindowsStandalone target not found
[Package Manager] Failed to launch server process. Reason: Unity was launched with the -noUpm command-line argument
[Package Manager] Unable to send message (not connected to server process).
[Package Manager] Cannot connect to Unity Package Manager local server
[Package Manager] Failed to launch server process. Reason: Unity was launched with the -noUpm command-line argument
[Package Manager] Unable to send message (not connected to server process).
[Package Manager] Cannot connect to Unity Package Manager local server
[MODES] ModeService[none].Initialize
[MODES] ModeService[none].LoadModes
[MODES] Loading mode Default (0) for mode-current-id-TerrorGame
ScheduleIndexationOnStartup MainProcess:False IndexOnStartup:True
Mono: successfully reloaded assembly
- Finished resetting the current domain, in  1.063 seconds
Domain Reload Profiling: 2209ms
	BeginReloadAssembly (237ms)
		ExecutionOrderSort (0ms)
		DisableScriptedObjects (8ms)
		BackupInstance (0ms)
		ReleaseScriptingObjects (0ms)
		CreateAndSetChildDomain (38ms)
	RebuildCommonClasses (50ms)
	RebuildNativeTypeToScriptingClass (16ms)
	initialDomainReloadingComplete (48ms)
	LoadAllAssembliesAndSetupDomain (795ms)
		LoadAssemblies (599ms)
		RebuildTransferFunctionScriptingTraits (0ms)
		AnalyzeDomain (334ms)
			TypeCache.Refresh (247ms)
				TypeCache.ScanAssembly (226ms)
			BuildScriptInfoCaches (71ms)
			ResolveRequiredComponents (11ms)
	FinalizeReload (1063ms)
		ReleaseScriptCaches (0ms)
		RebuildScriptCaches (0ms)
		SetupLoadedEditorAssemblies (766ms)
			LogAssemblyErrors (0ms)
			InitializePlatformSupportModulesInManaged (2ms)
			SetLoadedEditorAssemblies (5ms)
			BeforeProcessingInitializeOnLoad (166ms)
			ProcessInitializeOnLoadAttributes (455ms)
			ProcessInitializeOnLoadMethodAttributes (130ms)
			AfterProcessingInitializeOnLoad (7ms)
			EditorAssembliesLoaded (0ms)
		ExecutionOrderSort2 (0ms)
		AwakeInstancesAfterBackupRestoration (7ms)
Launched and connected shader compiler UnityShaderCompiler.exe after 0.05 seconds
Refreshing native plugins compatible for Editor in 1.64 ms, found 3 plugins.
Preloading 0 native plugins for Editor in 0.00 ms.
Unloading 17 Unused Serialized files (Serialized files now loaded: 0)
Unloading 6559 unused Assets / (4.4 MB). Loaded Objects now: 7379.
Memory consumption went from 178.6 MB to 174.2 MB.
Total: 13.196900 ms (FindLiveObjects: 1.168700 ms CreateObjectMapping: 1.077700 ms MarkObjects: 7.556200 ms  DeleteObjects: 3.392600 ms)

========================================================================
Received Import Request.
  Time since last request: 28655.800988 seconds.
  path: Assets/01_AssetStore/DoorPackFree/Scenes/FloorAO.png
  artifactKey: Guid(4a8770c8fe9a3f64d94ce3bc9d1817e8) Importer(815301076,1909f56bfc062723c751e8b465ee728b)
Start importing Assets/01_AssetStore/DoorPackFree/Scenes/FloorAO.png using Guid(4a8770c8fe9a3f64d94ce3bc9d1817e8) Importer(815301076,1909f56bfc062723c751e8b465ee728b) (PreviewImporter) -> (artifact id: 'd0c07aa386769f08741d801b78c49a85') in 0.0876755 seconds
Number of updated asset objects reloaded before import = 0Number of asset objects unloaded after import = 2

========================================================================
Received Import Request.
  Time since last request: 0.000035 seconds.
  path: Assets/01_AssetStore/DoorPackFree/Scenes/Light.mat
  artifactKey: Guid(7bb4d41d8be498b418e107b9fcd42bd3) Importer(815301076,1909f56bfc062723c751e8b465ee728b)
Start importing Assets/01_AssetStore/DoorPackFree/Scenes/Light.mat using Guid(7bb4d41d8be498b418e107b9fcd42bd3) Importer(815301076,1909f56bfc062723c751e8b465ee728b) (PreviewImporter) -> (artifact id: '705230b4bf1cac8feffd22585d67ed52') in 0.5311198 seconds
Number of updated asset objects reloaded before import = 0Number of asset objects unloaded after import = 1

========================================================================
Received Prepare
Begin MonoManager ReloadAssembly
- Loaded All Assemblies, in  0.970 seconds
Refreshing native plugins compatible for Editor in 1.36 ms, found 3 plugins.
Native extension for WindowsStandalone target not found
[Package Manager] Failed to launch server process. Reason: Unity was launched with the -noUpm command-line argument
[Package Manager] Unable to send message (not connected to server process).
[Package Manager] Cannot connect to Unity Package Manager local server
[Package Manager] Failed to launch server process. Reason: Unity was launched with the -noUpm command-line argument
[Package Manager] Unable to send message (not connected to server process).
[Package Manager] Cannot connect to Unity Package Manager local server
[MODES] ModeService[none].Initialize
[MODES] ModeService[none].LoadModes
ScheduleIndexationOnStartup MainProcess:False IndexOnStartup:True
Mono: successfully reloaded assembly
- Finished resetting the current domain, in  0.936 seconds
Domain Reload Profiling: 1905ms
	BeginReloadAssembly (279ms)
		ExecutionOrderSort (0ms)
		DisableScriptedObjects (27ms)
		BackupInstance (0ms)
		ReleaseScriptingObjects (0ms)
		CreateAndSetChildDomain (69ms)
	RebuildCommonClasses (50ms)
	RebuildNativeTypeToScriptingClass (16ms)
	initialDomainReloadingComplete (40ms)
	LoadAllAssembliesAndSetupDomain (583ms)
		LoadAssemblies (464ms)
		RebuildTransferFunctionScriptingTraits (0ms)
		AnalyzeDomain (234ms)
			TypeCache.Refresh (9ms)
				TypeCache.ScanAssembly (0ms)
			BuildScriptInfoCaches (210ms)
			ResolveRequiredComponents (12ms)
	FinalizeReload (937ms)
		ReleaseScriptCaches (0ms)
		RebuildScriptCaches (0ms)
		SetupLoadedEditorAssemblies (703ms)
			LogAssemblyErrors (0ms)
			InitializePlatformSupportModulesInManaged (3ms)
			SetLoadedEditorAssemblies (6ms)
			BeforeProcessingInitializeOnLoad (154ms)
			ProcessInitializeOnLoadAttributes (396ms)
			ProcessInitializeOnLoadMethodAttributes (136ms)
			AfterProcessingInitializeOnLoad (8ms)
			EditorAssembliesLoaded (0ms)
		ExecutionOrderSort2 (0ms)
		AwakeInstancesAfterBackupRestoration (20ms)
Refreshing native plugins compatible for Editor in 1.91 ms, found 3 plugins.
Preloading 0 native plugins for Editor in 0.00 ms.
Unloading 17 Unused Serialized files (Serialized files now loaded: 0)
Unloading 6555 unused Assets / (4.7 MB). Loaded Objects now: 7462.
Memory consumption went from 188.3 MB to 183.5 MB.
Total: 14.712700 ms (FindLiveObjects: 1.409700 ms CreateObjectMapping: 1.431200 ms MarkObjects: 8.340800 ms  DeleteObjects: 3.528600 ms)

Prepare: number of updated asset objects reloaded= 0
========================================================================
Received Import Request.
  Time since last request: 55.719883 seconds.
  path: Assets/01_AssetStore/DoorPackFree/Meshes/Door001/Materials/V5.mat
  artifactKey: Guid(ff33776f394eae0438185b88600e3a2c) Importer(2089858483,b0f066a214c2f5e87bad3c948f4d605d)
Start importing Assets/01_AssetStore/DoorPackFree/Meshes/Door001/Materials/V5.mat using Guid(ff33776f394eae0438185b88600e3a2c) Importer(2089858483,b0f066a214c2f5e87bad3c948f4d605d) (ScriptedImporter) -> (artifact id: '8181b1057969bbcb8f7df8341423dd01') in 0.2572866 seconds
Number of updated asset objects reloaded before import = 0Number of asset objects unloaded after import = 5

========================================================================
Received Import Request.
  Time since last request: 0.000033 seconds.
  path: Assets/01_AssetStore/DoorPackFree/Meshes/Door001/Materials/13 - Default.mat
  artifactKey: Guid(18c58d8c508b1c2468b24c469675bb12) Importer(2089858483,b0f066a214c2f5e87bad3c948f4d605d)
Start importing Assets/01_AssetStore/DoorPackFree/Meshes/Door001/Materials/13 - Default.mat using Guid(18c58d8c508b1c2468b24c469675bb12) Importer(2089858483,b0f066a214c2f5e87bad3c948f4d605d) (ScriptedImporter) -> (artifact id: 'b1d46da3f89a53a0cc4366f4ba479f67') in 0.031195 seconds
Number of updated asset objects reloaded before import = 0Number of asset objects unloaded after import = 1

========================================================================
Received Import Request.
  Time since last request: 0.000043 seconds.
  path: Assets/01_AssetStore/DoorPackFree/Meshes/Door001/V6/Aferar_13 - Default_SpecularSmoothness.png
  artifactKey: Guid(e2d2f6fd919564b42bdfb8258f8f800d) Importer(2089858483,b0f066a214c2f5e87bad3c948f4d605d)
Start importing Assets/01_AssetStore/DoorPackFree/Meshes/Door001/V6/Aferar_13 - Default_SpecularSmoothness.png using Guid(e2d2f6fd919564b42bdfb8258f8f800d) Importer(2089858483,b0f066a214c2f5e87bad3c948f4d605d) (ScriptedImporter) -> (artifact id: '3d3a0f65f8719ee18aca734a38abd9f7') in 0.0888595 seconds
Number of updated asset objects reloaded before import = 0Number of asset objects unloaded after import = 1

========================================================================
Received Import Request.
  Time since last request: 0.000026 seconds.
  path: Assets/01_AssetStore/DoorPackFree/Meshes/Door001/Materials
  artifactKey: Guid(950e06bd76c41c146acf29dd9aae8f04) Importer(2089858483,b0f066a214c2f5e87bad3c948f4d605d)
Start importing Assets/01_AssetStore/DoorPackFree/Meshes/Door001/Materials using Guid(950e06bd76c41c146acf29dd9aae8f04) Importer(2089858483,b0f066a214c2f5e87bad3c948f4d605d) (ScriptedImporter) -> (artifact id: 'd07d479720353f532639d9a5e8ec77e7') in 0.0148251 seconds
Number of updated asset objects reloaded before import = 0Number of asset objects unloaded after import = 1

========================================================================
Received Import Request.
  Time since last request: 0.000032 seconds.
  path: Assets/01_AssetStore/DoorPackFree/Meshes/Door001/Materials/V4.mat
  artifactKey: Guid(c2d8aea817ff67d4292424d139872f20) Importer(2089858483,b0f066a214c2f5e87bad3c948f4d605d)
Start importing Assets/01_AssetStore/DoorPackFree/Meshes/Door001/Materials/V4.mat using Guid(c2d8aea817ff67d4292424d139872f20) Importer(2089858483,b0f066a214c2f5e87bad3c948f4d605d) (ScriptedImporter) -> (artifact id: 'f3c426bab052d72382012e0d83b76a4d') in 0.0471437 seconds
Number of updated asset objects reloaded before import = 0Number of asset objects unloaded after import = 5

========================================================================
Received Import Request.
  Time since last request: 0.000045 seconds.
  path: Assets/01_AssetStore/DoorPackFree/Meshes/Door001/V6/Aferar_13 - Default_AlbedoTransparency.png
  artifactKey: Guid(8cef63a95b416dc41bb52c34876cef8c) Importer(2089858483,b0f066a214c2f5e87bad3c948f4d605d)
Start importing Assets/01_AssetStore/DoorPackFree/Meshes/Door001/V6/Aferar_13 - Default_AlbedoTransparency.png using Guid(8cef63a95b416dc41bb52c34876cef8c) Importer(2089858483,b0f066a214c2f5e87bad3c948f4d605d) (ScriptedImporter) -> (artifact id: '2e34c7d3b079011cd2f633dc66c53043') in 0.0264233 seconds
Number of updated asset objects reloaded before import = 0Number of asset objects unloaded after import = 1

========================================================================
Received Import Request.
  Time since last request: 0.000035 seconds.
  path: Assets/01_AssetStore/DoorPackFree/Prefab/DoorV5.prefab
  artifactKey: Guid(2f91276de7c55894daf22ad8f81ca24c) Importer(2089858483,b0f066a214c2f5e87bad3c948f4d605d)
Start importing Assets/01_AssetStore/DoorPackFree/Prefab/DoorV5.prefab using Guid(2f91276de7c55894daf22ad8f81ca24c) Importer(2089858483,b0f066a214c2f5e87bad3c948f4d605d) (ScriptedImporter) -> (artifact id: '3bfe37a286246961b3c34bd54bb67b33') in 0.0538816 seconds
Number of updated asset objects reloaded before import = 0Number of asset objects unloaded after import = 16

========================================================================
Received Import Request.
  Time since last request: 0.000031 seconds.
  path: Assets/01_AssetStore/DoorPackFree/Meshes/Door001/Materials/V7.mat
  artifactKey: Guid(29e53d3235d8ede4aa7ba3bfd40de7f6) Importer(2089858483,b0f066a214c2f5e87bad3c948f4d605d)
Start importing Assets/01_AssetStore/DoorPackFree/Meshes/Door001/Materials/V7.mat using Guid(29e53d3235d8ede4aa7ba3bfd40de7f6) Importer(2089858483,b0f066a214c2f5e87bad3c948f4d605d) (ScriptedImporter) -> (artifact id: '28f584922d3ac571bd8bf4734ee1ac28') in 0.0384407 seconds
Number of updated asset objects reloaded before import = 0Number of asset objects unloaded after import = 5

========================================================================
Received Import Request.
  Time since last request: 0.000063 seconds.
  path: Assets/01_AssetStore/DoorPackFree/Meshes/Video intercom/Textures/V1/Aferar_01 - Default_AO.png
  artifactKey: Guid(7ee583edf3c5c8f4cbe8ec132bb8730c) Importer(2089858483,b0f066a214c2f5e87bad3c948f4d605d)
Start importing Assets/01_AssetStore/DoorPackFree/Meshes/Video intercom/Textures/V1/Aferar_01 - Default_AO.png using Guid(7ee583edf3c5c8f4cbe8ec132bb8730c) Importer(2089858483,b0f066a214c2f5e87bad3c948f4d605d) (ScriptedImporter) -> (artifact id: 'cd96d51c117685ccf5c671769780441e') in 0.0282137 seconds
Number of updated asset objects reloaded before import = 0Number of asset objects unloaded after import = 1

========================================================================
Received Import Request.
  Time since last request: 0.000050 seconds.
  path: Assets/01_AssetStore/DoorPackFree/Meshes/Door001/Materials/V2.mat
  artifactKey: Guid(8bf0befb68296734682237e45c19dba2) Importer(2089858483,b0f066a214c2f5e87bad3c948f4d605d)
Start importing Assets/01_AssetStore/DoorPackFree/Meshes/Door001/Materials/V2.mat using Guid(8bf0befb68296734682237e45c19dba2) Importer(2089858483,b0f066a214c2f5e87bad3c948f4d605d) (ScriptedImporter) -> (artifact id: '974c24c95a293e2ff7df6dba22728dad') in 0.0320747 seconds
Number of updated asset objects reloaded before import = 0Number of asset objects unloaded after import = 4

========================================================================
Received Import Request.
  Time since last request: 0.000044 seconds.
  path: Assets/01_AssetStore/DoorPackFree/Meshes/Door001/V4/Aferar_13 - Default_Normal.png
  artifactKey: Guid(25cf6ea2bfee626498726d049b807b00) Importer(2089858483,b0f066a214c2f5e87bad3c948f4d605d)
Start importing Assets/01_AssetStore/DoorPackFree/Meshes/Door001/V4/Aferar_13 - Default_Normal.png using Guid(25cf6ea2bfee626498726d049b807b00) Importer(2089858483,b0f066a214c2f5e87bad3c948f4d605d) (ScriptedImporter) -> (artifact id: '62288c9d2834639bf1468f1a5a6f899a') in 0.0216506 seconds
Number of updated asset objects reloaded before import = 0Number of asset objects unloaded after import = 1

========================================================================
Received Import Request.
  Time since last request: 0.000024 seconds.
  path: Assets/01_AssetStore/DoorPackFree/Meshes/Door001/V5/Aferar_13 - Default_Normal.png
  artifactKey: Guid(96c6fb585e424844f9d5f2347f6c892e) Importer(2089858483,b0f066a214c2f5e87bad3c948f4d605d)
Start importing Assets/01_AssetStore/DoorPackFree/Meshes/Door001/V5/Aferar_13 - Default_Normal.png using Guid(96c6fb585e424844f9d5f2347f6c892e) Importer(2089858483,b0f066a214c2f5e87bad3c948f4d605d) (ScriptedImporter) -> (artifact id: '401f23ba609b6a1b273310e10e68a47b') in 0.0245756 seconds
Number of updated asset objects reloaded before import = 0Number of asset objects unloaded after import = 1

========================================================================
Received Import Request.
  Time since last request: 0.000039 seconds.
  path: Assets/01_AssetStore/DoorPackFree/Meshes/Door001/V5
  artifactKey: Guid(ed60cf72e851d814a8862546a1236435) Importer(2089858483,b0f066a214c2f5e87bad3c948f4d605d)
Start importing Assets/01_AssetStore/DoorPackFree/Meshes/Door001/V5 using Guid(ed60cf72e851d814a8862546a1236435) Importer(2089858483,b0f066a214c2f5e87bad3c948f4d605d) (ScriptedImporter) -> (artifact id: 'bcc123f09b839618a2961a7c019fa9d6') in 0.0148192 seconds
Number of updated asset objects reloaded before import = 0Number of asset objects unloaded after import = 1

========================================================================
Received Import Request.
  Time since last request: 0.000033 seconds.
  path: Assets/01_AssetStore/DoorPackFree/Prefab/DoorV4.prefab
  artifactKey: Guid(cb60040219dadd549961b794ea48a5a6) Importer(2089858483,b0f066a214c2f5e87bad3c948f4d605d)
Start importing Assets/01_AssetStore/DoorPackFree/Prefab/DoorV4.prefab using Guid(cb60040219dadd549961b794ea48a5a6) Importer(2089858483,b0f066a214c2f5e87bad3c948f4d605d) (ScriptedImporter) -> (artifact id: '6633805107bd629f3d32e225e16b39ec') in 0.0181571 seconds
Number of updated asset objects reloaded before import = 0Number of asset objects unloaded after import = 16

========================================================================
Received Import Request.
  Time since last request: 0.000026 seconds.
  path: Assets/01_AssetStore/DoorPackFree/Meshes/Door001/Materials/V1.mat
  artifactKey: Guid(6ab145d3c4567994b8cdd5490fcde60f) Importer(2089858483,b0f066a214c2f5e87bad3c948f4d605d)
Start importing Assets/01_AssetStore/DoorPackFree/Meshes/Door001/Materials/V1.mat using Guid(6ab145d3c4567994b8cdd5490fcde60f) Importer(2089858483,b0f066a214c2f5e87bad3c948f4d605d) (ScriptedImporter) -> (artifact id: '18581779e7eef49cd079757aba49e587') in 0.0344903 seconds
Number of updated asset objects reloaded before import = 0Number of asset objects unloaded after import = 4

========================================================================
Received Import Request.
  Time since last request: 0.000032 seconds.
  path: Assets/01_AssetStore/DoorPackFree/Meshes/Door001/V5/Aferar_13 - Default_SpecularSmoothness.png
  artifactKey: Guid(80c1f5cf297fd0c4e847cc853c2e7706) Importer(2089858483,b0f066a214c2f5e87bad3c948f4d605d)
Start importing Assets/01_AssetStore/DoorPackFree/Meshes/Door001/V5/Aferar_13 - Default_SpecularSmoothness.png using Guid(80c1f5cf297fd0c4e847cc853c2e7706) Importer(2089858483,b0f066a214c2f5e87bad3c948f4d605d) (ScriptedImporter) -> (artifact id: '2f8e1d0082d21dcd1351e35df035faf8') in 0.0236332 seconds
Number of updated asset objects reloaded before import = 0Number of asset objects unloaded after import = 1

========================================================================
Received Import Request.
  Time since last request: 0.000026 seconds.
  path: Assets/01_AssetStore/DoorPackFree/Scenes/Demo
  artifactKey: Guid(192beffdf83e15a4890225c77e0cec29) Importer(2089858483,b0f066a214c2f5e87bad3c948f4d605d)
Start importing Assets/01_AssetStore/DoorPackFree/Scenes/Demo using Guid(192beffdf83e15a4890225c77e0cec29) Importer(2089858483,b0f066a214c2f5e87bad3c948f4d605d) (ScriptedImporter) -> (artifact id: '78608b0a02e0e741d2987f9bd7710217') in 0.0139529 seconds
Number of updated asset objects reloaded before import = 0Number of asset objects unloaded after import = 1

========================================================================
Received Import Request.
  Time since last request: 0.000043 seconds.
  path: Assets/01_AssetStore/DoorPackFree/Scenes/Demo/Lightmap-0_comp_light.exr
  artifactKey: Guid(a8de4f8c08bdcc141b343aa3d9560176) Importer(2089858483,b0f066a214c2f5e87bad3c948f4d605d)
Start importing Assets/01_AssetStore/DoorPackFree/Scenes/Demo/Lightmap-0_comp_light.exr using Guid(a8de4f8c08bdcc141b343aa3d9560176) Importer(2089858483,b0f066a214c2f5e87bad3c948f4d605d) (ScriptedImporter) -> (artifact id: 'ba248530167958feeaddcda92a1570b5') in 0.030268 seconds
Number of updated asset objects reloaded before import = 0Number of asset objects unloaded after import = 1

========================================================================
Received Import Request.
  Time since last request: 0.000029 seconds.
  path: Assets/01_AssetStore/DoorPackFree/Meshes/Video intercom/Textures/V1
  artifactKey: Guid(765b18ffc9d404047bbdb0b8f9fc003b) Importer(2089858483,b0f066a214c2f5e87bad3c948f4d605d)
Start importing Assets/01_AssetStore/DoorPackFree/Meshes/Video intercom/Textures/V1 using Guid(765b18ffc9d404047bbdb0b8f9fc003b) Importer(2089858483,b0f066a214c2f5e87bad3c948f4d605d) (ScriptedImporter) -> (artifact id: 'fd30528ba94cacf7338209f1b6b9656e') in 0.0198413 seconds
Number of updated asset objects reloaded before import = 0Number of asset objects unloaded after import = 1

========================================================================
Received Import Request.
  Time since last request: 0.000034 seconds.
  path: Assets/01_AssetStore/DoorPackFree/Prefab/DoorV3.prefab
  artifactKey: Guid(4fdd4c7eaedfdf4468f35acfb5fbce20) Importer(2089858483,b0f066a214c2f5e87bad3c948f4d605d)
Start importing Assets/01_AssetStore/DoorPackFree/Prefab/DoorV3.prefab using Guid(4fdd4c7eaedfdf4468f35acfb5fbce20) Importer(2089858483,b0f066a214c2f5e87bad3c948f4d605d) (ScriptedImporter) -> (artifact id: '1cdd2e0cb14c8a502c3b959b6ac8f1ba') in 0.0235519 seconds
Number of updated asset objects reloaded before import = 0Number of asset objects unloaded after import = 16

========================================================================
Received Import Request.
  Time since last request: 0.000038 seconds.
  path: Assets/01_AssetStore/DoorPackFree/Scenes/Floor.png
  artifactKey: Guid(74f0f4be3cf5d10489f530c633adcdf7) Importer(2089858483,b0f066a214c2f5e87bad3c948f4d605d)
Start importing Assets/01_AssetStore/DoorPackFree/Scenes/Floor.png using Guid(74f0f4be3cf5d10489f530c633adcdf7) Importer(2089858483,b0f066a214c2f5e87bad3c948f4d605d) (ScriptedImporter) -> (artifact id: '6018d507abdc84d2c0342a2ac815b538') in 0.0233704 seconds
Number of updated asset objects reloaded before import = 0Number of asset objects unloaded after import = 1

========================================================================
Received Import Request.
  Time since last request: 0.000041 seconds.
  path: Assets/01_AssetStore/DoorPackFree/Meshes/Video intercom/Textures
  artifactKey: Guid(c7e6bc552c1d0f94ea4ee08ac0edde12) Importer(2089858483,b0f066a214c2f5e87bad3c948f4d605d)
Start importing Assets/01_AssetStore/DoorPackFree/Meshes/Video intercom/Textures using Guid(c7e6bc552c1d0f94ea4ee08ac0edde12) Importer(2089858483,b0f066a214c2f5e87bad3c948f4d605d) (ScriptedImporter) -> (artifact id: 'b7e1d1326bbd358d3a928f7f140aa6d7') in 0.0185239 seconds
Number of updated asset objects reloaded before import = 0Number of asset objects unloaded after import = 1

========================================================================
Received Import Request.
  Time since last request: 0.000029 seconds.
  path: Assets/01_AssetStore/DoorPackFree/Meshes/Door001/V1/Aferar_13 - Default_SpecularSmoothness.png
  artifactKey: Guid(4f86f5849b7bb684ea823025aee879f0) Importer(2089858483,b0f066a214c2f5e87bad3c948f4d605d)
Start importing Assets/01_AssetStore/DoorPackFree/Meshes/Door001/V1/Aferar_13 - Default_SpecularSmoothness.png using Guid(4f86f5849b7bb684ea823025aee879f0) Importer(2089858483,b0f066a214c2f5e87bad3c948f4d605d) (ScriptedImporter) -> (artifact id: '9195443fd87c05e5c1ea706528aac515') in 0.0242381 seconds
Number of updated asset objects reloaded before import = 0Number of asset objects unloaded after import = 1

========================================================================
Received Import Request.
  Time since last request: 0.000036 seconds.
  path: Assets/01_AssetStore/DoorPackFree/Meshes/Door001/V2/Aferar_13 - Default_SpecularSmoothness.png
  artifactKey: Guid(a703548941a513a4b9d01a9b3640fd4a) Importer(2089858483,b0f066a214c2f5e87bad3c948f4d605d)
Start importing Assets/01_AssetStore/DoorPackFree/Meshes/Door001/V2/Aferar_13 - Default_SpecularSmoothness.png using Guid(a703548941a513a4b9d01a9b3640fd4a) Importer(2089858483,b0f066a214c2f5e87bad3c948f4d605d) (ScriptedImporter) -> (artifact id: 'e679610a0a00b87efb86793040b9c646') in 0.0241281 seconds
Number of updated asset objects reloaded before import = 0Number of asset objects unloaded after import = 1

========================================================================
Received Import Request.
  Time since last request: 0.000033 seconds.
  path: Assets/01_AssetStore/DoorPackFree/Meshes/Door001/V4/Aferar_13 - Default_AlbedoTransparency.png
  artifactKey: Guid(2bad03565f7a6864bb97ed2dc7d04dae) Importer(2089858483,b0f066a214c2f5e87bad3c948f4d605d)
Start importing Assets/01_AssetStore/DoorPackFree/Meshes/Door001/V4/Aferar_13 - Default_AlbedoTransparency.png using Guid(2bad03565f7a6864bb97ed2dc7d04dae) Importer(2089858483,b0f066a214c2f5e87bad3c948f4d605d) (ScriptedImporter) -> (artifact id: 'ca5c499b1b3f01772a9b6b738b793624') in 0.0213075 seconds
Number of updated asset objects reloaded before import = 0Number of asset objects unloaded after import = 1

========================================================================
Received Import Request.
  Time since last request: 0.000036 seconds.
  path: Assets/01_AssetStore/DoorPackFree/Scenes/Floor.mat
  artifactKey: Guid(bca819c7880d78245b09885ed9230437) Importer(2089858483,b0f066a214c2f5e87bad3c948f4d605d)
Start importing Assets/01_AssetStore/DoorPackFree/Scenes/Floor.mat using Guid(bca819c7880d78245b09885ed9230437) Importer(2089858483,b0f066a214c2f5e87bad3c948f4d605d) (ScriptedImporter) -> (artifact id: 'b89ff47484cd35b848a1ec9dbc8f987a') in 0.0223609 seconds
Number of updated asset objects reloaded before import = 0Number of asset objects unloaded after import = 3

========================================================================
Received Import Request.
  Time since last request: 0.000027 seconds.
  path: Assets/01_AssetStore/DoorPackFree/Meshes/Door001/V6/Aferar_13 - Default_Normal.png
  artifactKey: Guid(1ea63be4bbf2e2d4a83451053a7fd5dc) Importer(2089858483,b0f066a214c2f5e87bad3c948f4d605d)
Start importing Assets/01_AssetStore/DoorPackFree/Meshes/Door001/V6/Aferar_13 - Default_Normal.png using Guid(1ea63be4bbf2e2d4a83451053a7fd5dc) Importer(2089858483,b0f066a214c2f5e87bad3c948f4d605d) (ScriptedImporter) -> (artifact id: '59d169a0efc83a84d2f0d82e42da6b0f') in 0.0269933 seconds
Number of updated asset objects reloaded before import = 0Number of asset objects unloaded after import = 1

========================================================================
Received Import Request.
  Time since last request: 0.000028 seconds.
  path: Assets/01_AssetStore/DoorPackFree/Meshes/Door001/V3/Aferar_13 - Default_AlbedoTransparency.png
  artifactKey: Guid(d1121a1458949b341967a096552d4fc6) Importer(2089858483,b0f066a214c2f5e87bad3c948f4d605d)
Start importing Assets/01_AssetStore/DoorPackFree/Meshes/Door001/V3/Aferar_13 - Default_AlbedoTransparency.png using Guid(d1121a1458949b341967a096552d4fc6) Importer(2089858483,b0f066a214c2f5e87bad3c948f4d605d) (ScriptedImporter) -> (artifact id: '0999a0227679cd9276fb0b3893885c3b') in 0.0264817 seconds
Number of updated asset objects reloaded before import = 0Number of asset objects unloaded after import = 1

========================================================================
Received Import Request.
  Time since last request: 0.000032 seconds.
  path: Assets/01_AssetStore/DoorPackFree/Prefab/Video intercomV1.prefab
  artifactKey: Guid(98859ffeeab916344bce9e52e502eac9) Importer(2089858483,b0f066a214c2f5e87bad3c948f4d605d)
Start importing Assets/01_AssetStore/DoorPackFree/Prefab/Video intercomV1.prefab using Guid(98859ffeeab916344bce9e52e502eac9) Importer(2089858483,b0f066a214c2f5e87bad3c948f4d605d) (ScriptedImporter) -> (artifact id: '4f858cbba29d1b889974a79d576025b6') in 0.0339821 seconds
Number of updated asset objects reloaded before import = 0Number of asset objects unloaded after import = 10

========================================================================
Received Import Request.
  Time since last request: 0.000050 seconds.
  path: Assets/01_AssetStore/DoorPackFree/Meshes/Door001/V4
  artifactKey: Guid(8dd43bc86cfaf9e4bb9aa4a9164c4d4f) Importer(2089858483,b0f066a214c2f5e87bad3c948f4d605d)
Start importing Assets/01_AssetStore/DoorPackFree/Meshes/Door001/V4 using Guid(8dd43bc86cfaf9e4bb9aa4a9164c4d4f) Importer(2089858483,b0f066a214c2f5e87bad3c948f4d605d) (ScriptedImporter) -> (artifact id: '9bc67ef075a8a61e40d76ea8512448bd') in 0.0163585 seconds
Number of updated asset objects reloaded before import = 0Number of asset objects unloaded after import = 1

Editor requested this worker to shutdown with reason: Scaling down because of idle timeout
AssetImportWorker is now disconnected from the server
Process exiting
Exiting without the bug reporter. Application will terminate with return code 0